<?xml version="1.0" encoding="UTF-8"?>
<!-- Generated by org.testng.reporters.JUnitReportReporter -->
<testsuite hostname="DESKTOP-7TFCRO8" failures="0" tests="2" name="piit.AutomationTrainingProgram.Execution" time="0.013" errors="0" timestamp="2022-05-10T19:49:49 EDT" skipped="0">
  <testcase classname="piit.AutomationTrainingProgram.Execution" name="f" time="0.003"/>
  <system-out/>
  <testcase classname="piit.AutomationTrainingProgram.Execution" name="Test2" time="0.010"/>
  <system-out/>
</testsuite> <!-- piit.AutomationTrainingProgram.Execution -->
