<?xml version="1.0" encoding="UTF-8"?>
<!-- Generated by org.testng.reporters.JUnitReportReporter -->
<testsuite hostname="DESKTOP-7TFCRO8" failures="0" tests="2" name="piit.AutomationTrainingProgram.Signout" time="27.256" errors="0" timestamp="2022-05-10T19:49:49 EDT" skipped="0">
  <testcase classname="piit.AutomationTrainingProgram.Signout" name="f" time="20.572"/>
  <system-out/>
  <testcase classname="piit.AutomationTrainingProgram.Signout" name="TextVerificationMethod" time="6.684"/>
  <system-out/>
</testsuite> <!-- piit.AutomationTrainingProgram.Signout -->
